[0m[[0m[0mdebug[0m] [0m[0m> Exec(;Test/compile; collectAnalyses, None, Some(CommandSource(network-1)))[0m
[0m[[0m[0mdebug[0m] [0m[0munmatched Processing event for requestId None: None[0m
[0m[[0m[0mdebug[0m] [0m[0munmatched Done event for requestId None: None[0m
[0m[[0m[0mdebug[0m] [0m[0m> Exec(Test/compile, None, Some(CommandSource(network-1)))[0m
[0m[[0m[0mdebug[0m] [0m[0munmatched Processing event for requestId None: None[0m
[0m[[0m[0mdebug[0m] [0m[0mEvaluating tasks: Test / compile[0m
[0m[[0m[0mdebug[0m] [0m[0mRunning task... Cancel: Signal, check cycles: false, forcegc: true[0m
[0m[[0m[0mdebug[0m] [0m[0mjsonRpcNotify: JsonRpcNotificationMessage(2.0, build/taskStart, {"taskId":{"id":"11","parents":[]},"eventTime":1657874696160,"message":"Compiling hangman-scala","dataKind":"compile-task","data":{"target":{"uri":"file:/C:/Users/msi/Documents/GitHub/Hangman-Scala/#hangman-scala/Compile"}}})[0m
[0m[[0m[0mdebug[0m] [0m[0mjsonRpcNotify: JsonRpcNotificationMessage(2.0, build/publishDiagnostics, {"textDocument":{"uri":"file:///C:/Users/msi/Documents/GitHub/Hangman-Scala/src/main/scala/ch/makery/hangman/MainApp.scala"},"buildTarget":{"uri":"file:/C:/Users/msi/Documents/GitHub/Hangman-Scala/#hangman-scala/Compile"},"diagnostics":[],"reset":true})[0m
[0m[[0m[0mdebug[0m] [0m[0mjsonRpcNotify: JsonRpcNotificationMessage(2.0, build/publishDiagnostics, {"textDocument":{"uri":"file:///C:/Users/msi/Documents/GitHub/Hangman-Scala/src/main/scala/ch/makery/hangman/view/HangmanWinController.scala"},"buildTarget":{"uri":"file:/C:/Users/msi/Documents/GitHub/Hangman-Scala/#hangman-scala/Compile"},"diagnostics":[],"reset":true})[0m
[0m[[0m[0mdebug[0m] [0m[0mjsonRpcNotify: JsonRpcNotificationMessage(2.0, build/publishDiagnostics, {"textDocument":{"uri":"file:///C:/Users/msi/Documents/GitHub/Hangman-Scala/src/main/scala/ch/makery/hangman/view/HangmanRuleController.scala"},"buildTarget":{"uri":"file:/C:/Users/msi/Documents/GitHub/Hangman-Scala/#hangman-scala/Compile"},"diagnostics":[],"reset":true})[0m
[0m[[0m[0mdebug[0m] [0m[0mjsonRpcNotify: JsonRpcNotificationMessage(2.0, build/publishDiagnostics, {"textDocument":{"uri":"file:///C:/Users/msi/Documents/GitHub/Hangman-Scala/src/main/scala/ch/makery/hangman/view/HangmanGameController.scala"},"buildTarget":{"uri":"file:/C:/Users/msi/Documents/GitHub/Hangman-Scala/#hangman-scala/Compile"},"diagnostics":[],"reset":true})[0m
[0m[[0m[0mdebug[0m] [0m[0mjsonRpcNotify: JsonRpcNotificationMessage(2.0, build/publishDiagnostics, {"textDocument":{"uri":"file:///C:/Users/msi/Documents/GitHub/Hangman-Scala/src/main/scala/ch/makery/hangman/view/HangmanGameOverController.scala"},"buildTarget":{"uri":"file:/C:/Users/msi/Documents/GitHub/Hangman-Scala/#hangman-scala/Compile"},"diagnostics":[],"reset":true})[0m
[0m[[0m[0mdebug[0m] [0m[0mjsonRpcNotify: JsonRpcNotificationMessage(2.0, build/publishDiagnostics, {"textDocument":{"uri":"file:///C:/Users/msi/Documents/GitHub/Hangman-Scala/src/main/scala/ch/makery/hangman/view/HomeScreenController.scala"},"buildTarget":{"uri":"file:/C:/Users/msi/Documents/GitHub/Hangman-Scala/#hangman-scala/Compile"},"diagnostics":[],"reset":true})[0m
[0m[[0m[0mdebug[0m] [0m[0mjsonRpcNotify: JsonRpcNotificationMessage(2.0, build/publishDiagnostics, {"textDocument":{"uri":"file:///C:/Users/msi/Documents/GitHub/Hangman-Scala/src/main/scala/ch/makery/hangman/model/Word.scala"},"buildTarget":{"uri":"file:/C:/Users/msi/Documents/GitHub/Hangman-Scala/#hangman-scala/Compile"},"diagnostics":[],"reset":true})[0m
[0m[[0m[0mdebug[0m] [0m[0mjsonRpcNotify: JsonRpcNotificationMessage(2.0, build/taskFinish, {"taskId":{"id":"11","parents":[]},"eventTime":1657874696175,"message":"Compiled hangman-scala","status":1,"dataKind":"compile-report","data":{"target":{"uri":"file:/C:/Users/msi/Documents/GitHub/Hangman-Scala/#hangman-scala/Compile"},"errors":0,"warnings":0,"time":15}})[0m
[0m[[0m[0mdebug[0m] [0m[0mjsonRpcNotify: JsonRpcNotificationMessage(2.0, build/taskStart, {"taskId":{"id":"12","parents":[]},"eventTime":1657874696182,"message":"Compiling hangman-scala-test","dataKind":"compile-task","data":{"target":{"uri":"file:/C:/Users/msi/Documents/GitHub/Hangman-Scala/#hangman-scala/Test"}}})[0m
[0m[[0m[0mdebug[0m] [0m[0mjsonRpcNotify: JsonRpcNotificationMessage(2.0, build/taskFinish, {"taskId":{"id":"12","parents":[]},"eventTime":1657874696191,"message":"Compiled hangman-scala-test","status":1,"dataKind":"compile-report","data":{"target":{"uri":"file:/C:/Users/msi/Documents/GitHub/Hangman-Scala/#hangman-scala/Test"},"errors":0,"warnings":0,"time":9}})[0m
[0m[[0m[32msuccess[0m] [0m[0mTotal time: 0 s, completed Jul 15, 2022 4:44:56 PM[0m
[0m[[0m[0mdebug[0m] [0m[0munmatched Done event for requestId None: None[0m
[0m[[0m[0mdebug[0m] [0m[0m> Exec(collectAnalyses, None, Some(CommandSource(network-1)))[0m
[0m[[0m[0mdebug[0m] [0m[0munmatched Processing event for requestId None: None[0m
[0m[[0m[0mdebug[0m] [0m[0mEvaluating tasks: Compile / collectAnalyses[0m
[0m[[0m[0mdebug[0m] [0m[0mRunning task... Cancel: Signal, check cycles: false, forcegc: true[0m
[0m[[0m[0mdebug[0m] [0m[0manalysis location (C:\Users\msi\Documents\GitHub\Hangman-Scala\target\scala-2.12\zinc\inc_compile_2.12.zip,true)[0m
[0m[[0m[32msuccess[0m] [0m[0mTotal time: 0 s, completed Jul 15, 2022 4:44:56 PM[0m
[0m[[0m[0mdebug[0m] [0m[0munmatched Done event for requestId None: None[0m
[0m[[0m[0mdebug[0m] [0m[0m> Exec(shell, None, None)[0m
[0m[[0m[0mdebug[0m] [0m[0msymbol setCenter[0m
[0m[[0m[0mdebug[0m] [0m[0mlsp-definition potentials: Set()[0m
[0m[[0m[0mdebug[0m] [0m[0mlsp-definition locations Vector()[0m
[0m[[0m[0mdebug[0m] [0m[0mUnhandled request received: shutdown: JsonRpcRequestMessage(2.0, ♨3, shutdown, null})[0m
