[0m[[0m[0mdebug[0m] [0m[0m> Exec(;Test/compile; collectAnalyses, None, Some(CommandSource(network-1)))[0m
[0m[[0m[0mdebug[0m] [0m[0munmatched Processing event for requestId None: None[0m
[0m[[0m[0mdebug[0m] [0m[0munmatched Done event for requestId None: None[0m
[0m[[0m[0mdebug[0m] [0m[0m> Exec(Test/compile, None, Some(CommandSource(network-1)))[0m
[0m[[0m[0mdebug[0m] [0m[0munmatched Processing event for requestId None: None[0m
[0m[[0m[0mdebug[0m] [0m[0mEvaluating tasks: Test / compile[0m
[0m[[0m[0mdebug[0m] [0m[0mRunning task... Cancel: Signal, check cycles: false, forcegc: true[0m
[0m[[0m[0mdebug[0m] [0m[0mjsonRpcNotify: JsonRpcNotificationMessage(2.0, build/taskStart, {"taskId":{"id":"117","parents":[]},"eventTime":1657739554191,"message":"Compiling hangman","dataKind":"compile-task","data":{"target":{"uri":"file:/C:/Users/msi/Desktop/Hangman/#hangman/Compile"}}})[0m
[0m[[0m[0mdebug[0m] [0m[0mjsonRpcNotify: JsonRpcNotificationMessage(2.0, build/publishDiagnostics, {"textDocument":{"uri":"file:///C:/Users/msi/Desktop/Hangman/src/main/scala/ch/makery/hangman/MainApp.scala"},"buildTarget":{"uri":"file:/C:/Users/msi/Desktop/Hangman/#hangman/Compile"},"diagnostics":[],"reset":true})[0m
[0m[[0m[0mdebug[0m] [0m[0mjsonRpcNotify: JsonRpcNotificationMessage(2.0, build/publishDiagnostics, {"textDocument":{"uri":"file:///C:/Users/msi/Desktop/Hangman/src/main/scala/ch/makery/hangman/view/HangmanEndController.scala"},"buildTarget":{"uri":"file:/C:/Users/msi/Desktop/Hangman/#hangman/Compile"},"diagnostics":[],"reset":true})[0m
[0m[[0m[0mdebug[0m] [0m[0mjsonRpcNotify: JsonRpcNotificationMessage(2.0, build/publishDiagnostics, {"textDocument":{"uri":"file:///C:/Users/msi/Desktop/Hangman/src/main/scala/ch/makery/hangman/view/HangmanGameController.scala"},"buildTarget":{"uri":"file:/C:/Users/msi/Desktop/Hangman/#hangman/Compile"},"diagnostics":[],"reset":true})[0m
[0m[[0m[0mdebug[0m] [0m[0mjsonRpcNotify: JsonRpcNotificationMessage(2.0, build/publishDiagnostics, {"textDocument":{"uri":"file:///C:/Users/msi/Desktop/Hangman/src/main/scala/ch/makery/hangman/view/HangmanGameOverController.scala"},"buildTarget":{"uri":"file:/C:/Users/msi/Desktop/Hangman/#hangman/Compile"},"diagnostics":[],"reset":true})[0m
[0m[[0m[0mdebug[0m] [0m[0mjsonRpcNotify: JsonRpcNotificationMessage(2.0, build/publishDiagnostics, {"textDocument":{"uri":"file:///C:/Users/msi/Desktop/Hangman/src/main/scala/ch/makery/hangman/view/HomeScreenController.scala"},"buildTarget":{"uri":"file:/C:/Users/msi/Desktop/Hangman/#hangman/Compile"},"diagnostics":[],"reset":true})[0m
[0m[[0m[0mdebug[0m] [0m[0mjsonRpcNotify: JsonRpcNotificationMessage(2.0, build/publishDiagnostics, {"textDocument":{"uri":"file:///C:/Users/msi/Desktop/Hangman/src/main/scala/ch/makery/hangman/model/Word.scala"},"buildTarget":{"uri":"file:/C:/Users/msi/Desktop/Hangman/#hangman/Compile"},"diagnostics":[],"reset":true})[0m
[0m[[0m[0mdebug[0m] [0m[0mjsonRpcNotify: JsonRpcNotificationMessage(2.0, build/taskFinish, {"taskId":{"id":"117","parents":[]},"eventTime":1657739554199,"message":"Compiled hangman","status":1,"dataKind":"compile-report","data":{"target":{"uri":"file:/C:/Users/msi/Desktop/Hangman/#hangman/Compile"},"errors":0,"warnings":0,"time":8}})[0m
[0m[[0m[0mdebug[0m] [0m[0mjsonRpcNotify: JsonRpcNotificationMessage(2.0, build/taskStart, {"taskId":{"id":"118","parents":[]},"eventTime":1657739554203,"message":"Compiling hangman-test","dataKind":"compile-task","data":{"target":{"uri":"file:/C:/Users/msi/Desktop/Hangman/#hangman/Test"}}})[0m
[0m[[0m[0mdebug[0m] [0m[0mjsonRpcNotify: JsonRpcNotificationMessage(2.0, build/taskFinish, {"taskId":{"id":"118","parents":[]},"eventTime":1657739554207,"message":"Compiled hangman-test","status":1,"dataKind":"compile-report","data":{"target":{"uri":"file:/C:/Users/msi/Desktop/Hangman/#hangman/Test"},"errors":0,"warnings":0,"time":4}})[0m
[0m[[0m[32msuccess[0m] [0m[0mTotal time: 0 s, completed Jul 14, 2022 3:12:34 AM[0m
[0m[[0m[0mdebug[0m] [0m[0munmatched Done event for requestId None: None[0m
[0m[[0m[0mdebug[0m] [0m[0m> Exec(collectAnalyses, None, Some(CommandSource(network-1)))[0m
[0m[[0m[0mdebug[0m] [0m[0munmatched Processing event for requestId None: None[0m
[0m[[0m[0mdebug[0m] [0m[0mEvaluating tasks: Compile / collectAnalyses[0m
[0m[[0m[0mdebug[0m] [0m[0mRunning task... Cancel: Signal, check cycles: false, forcegc: true[0m
[0m[[0m[0mdebug[0m] [0m[0manalysis location (C:\Users\msi\Desktop\Hangman\target\scala-2.12\zinc\inc_compile_2.12.zip,true)[0m
[0m[[0m[32msuccess[0m] [0m[0mTotal time: 0 s, completed Jul 14, 2022 3:12:34 AM[0m
[0m[[0m[0mdebug[0m] [0m[0munmatched Done event for requestId None: None[0m
[0m[[0m[0mdebug[0m] [0m[0m> Exec(shell, None, None)[0m
[0m[[0m[0mdebug[0m] [0m[0mUnhandled notification received: textDocument/didOpen: JsonRpcNotificationMessage(2.0, textDocument/didOpen, {"textDocument":{"uri":"file:///c%3A/Users/msi/Desktop/Hangman/build.sbt","languageId":"scala","version":1,"text":"name := \"hangman\"\r\n \r\nversion := \"1.0\"\r\n \r\nscalaVersion := \"2.12.11\"\r\n \r\nfork := true\r\n\r\n\r\n// https://mvnrepository.com/artifact/org.scalafx/scalafx\r\nlibraryDependencies += \"org.scalafx\" %% \"scalafx\" % \"18.0.1-R27\"\r\n\r\n// https://mvnrepository.com/artifact/org.scalafx/scalafxml-core-sfx8\r\nlibraryDependencies += \"org.scalafx\" %% \"scalafxml-core-sfx8\" % \"0.5\"\r\n\r\n\r\naddCompilerPlugin(\"org.scalamacros\" % \"paradise\" % \"2.1.1\" cross CrossVersion.full) \r\n\r\n\r\n"}})[0m
[0m[[0m[0mdebug[0m] [0m[0mUnhandled request received: shutdown: JsonRpcRequestMessage(2.0, ♨33, shutdown, null})[0m
