[0m[[0m[0mdebug[0m] [0m[0m> Exec(;Test/compile; collectAnalyses, None, Some(CommandSource(network-1)))[0m
[0m[[0m[0mdebug[0m] [0m[0munmatched Processing event for requestId None: None[0m
[0m[[0m[0mdebug[0m] [0m[0munmatched Done event for requestId None: None[0m
[0m[[0m[0mdebug[0m] [0m[0m> Exec(Test/compile, None, Some(CommandSource(network-1)))[0m
[0m[[0m[0mdebug[0m] [0m[0munmatched Processing event for requestId None: None[0m
[0m[[0m[0mdebug[0m] [0m[0mEvaluating tasks: Test / compile[0m
[0m[[0m[0mdebug[0m] [0m[0mRunning task... Cancel: Signal, check cycles: false, forcegc: true[0m
[0m[[0m[0mdebug[0m] [0m[0mjsonRpcNotify: JsonRpcNotificationMessage(2.0, build/taskStart, {"taskId":{"id":"155","parents":[]},"eventTime":1657877543551,"message":"Compiling hangman-scala","dataKind":"compile-task","data":{"target":{"uri":"file:/C:/Users/msi/Documents/GitHub/Hangman-Scala/#hangman-scala/Compile"}}})[0m
[0m[[0m[0minfo[0m] [0m[0mcompiling 1 Scala source to C:\Users\msi\Documents\GitHub\Hangman-Scala\target\scala-2.12\classes ...[0m
[0m[[0m[0mdebug[0m] [0m[0mjsonRpcNotify: JsonRpcNotificationMessage(2.0, build/logMessage, {"type":3,"message":"compiling 1 Scala source to C:\\Users\\msi\\Documents\\GitHub\\Hangman-Scala\\target\\scala-2.12\\classes ..."})[0m
[0m[[0m[0mdebug[0m] [0m[0mjsonRpcNotify: JsonRpcNotificationMessage(2.0, build/taskProgress, {"taskId":{"id":"155","parents":[]},"eventTime":1657877543672,"message":"Compiling hangman-scala (15%)","total":26,"progress":15,"dataKind":"compile-progress","data":{"target":{"uri":"file:/C:/Users/msi/Documents/GitHub/Hangman-Scala/#hangman-scala/Compile"}}})[0m
[0m[[0m[0mdebug[0m] [0m[0mjsonRpcNotify: JsonRpcNotificationMessage(2.0, build/taskProgress, {"taskId":{"id":"155","parents":[]},"eventTime":1657877543672,"message":"Compiling hangman-scala (15%)","total":26,"progress":15,"dataKind":"compile-progress","data":{"target":{"uri":"file:/C:/Users/msi/Documents/GitHub/Hangman-Scala/#hangman-scala/Compile"}}})[0m
[0m[[0m[0mdebug[0m] [0m[0mjsonRpcNotify: JsonRpcNotificationMessage(2.0, build/taskProgress, {"taskId":{"id":"155","parents":[]},"eventTime":1657877543673,"message":"Compiling hangman-scala (30%)","total":26,"progress":30,"dataKind":"compile-progress","data":{"target":{"uri":"file:/C:/Users/msi/Documents/GitHub/Hangman-Scala/#hangman-scala/Compile"}}})[0m
[0m[[0m[0mdebug[0m] [0m[0mjsonRpcNotify: JsonRpcNotificationMessage(2.0, build/taskProgress, {"taskId":{"id":"155","parents":[]},"eventTime":1657877543673,"message":"Compiling hangman-scala (30%)","total":26,"progress":30,"dataKind":"compile-progress","data":{"target":{"uri":"file:/C:/Users/msi/Documents/GitHub/Hangman-Scala/#hangman-scala/Compile"}}})[0m
[0m[[0m[0mdebug[0m] [0m[0mjsonRpcNotify: JsonRpcNotificationMessage(2.0, build/taskProgress, {"taskId":{"id":"155","parents":[]},"eventTime":1657877543678,"message":"Compiling hangman-scala (50%)","total":26,"progress":50,"dataKind":"compile-progress","data":{"target":{"uri":"file:/C:/Users/msi/Documents/GitHub/Hangman-Scala/#hangman-scala/Compile"}}})[0m
[0m[[0m[0mdebug[0m] [0m[0mjsonRpcNotify: JsonRpcNotificationMessage(2.0, build/taskProgress, {"taskId":{"id":"155","parents":[]},"eventTime":1657877543678,"message":"Compiling hangman-scala (50%)","total":26,"progress":50,"dataKind":"compile-progress","data":{"target":{"uri":"file:/C:/Users/msi/Documents/GitHub/Hangman-Scala/#hangman-scala/Compile"}}})[0m
[0m[[0m[0mdebug[0m] [0m[0mjsonRpcNotify: JsonRpcNotificationMessage(2.0, build/taskProgress, {"taskId":{"id":"155","parents":[]},"eventTime":1657877543701,"message":"Compiling hangman-scala (65%)","total":26,"progress":65,"dataKind":"compile-progress","data":{"target":{"uri":"file:/C:/Users/msi/Documents/GitHub/Hangman-Scala/#hangman-scala/Compile"}}})[0m
[0m[[0m[0mdebug[0m] [0m[0mjsonRpcNotify: JsonRpcNotificationMessage(2.0, build/taskProgress, {"taskId":{"id":"155","parents":[]},"eventTime":1657877543701,"message":"Compiling hangman-scala (65%)","total":26,"progress":65,"dataKind":"compile-progress","data":{"target":{"uri":"file:/C:/Users/msi/Documents/GitHub/Hangman-Scala/#hangman-scala/Compile"}}})[0m
[0m[[0m[0mdebug[0m] [0m[0mjsonRpcNotify: JsonRpcNotificationMessage(2.0, build/taskProgress, {"taskId":{"id":"155","parents":[]},"eventTime":1657877543702,"message":"Compiling hangman-scala (80%)","total":26,"progress":80,"dataKind":"compile-progress","data":{"target":{"uri":"file:/C:/Users/msi/Documents/GitHub/Hangman-Scala/#hangman-scala/Compile"}}})[0m
[0m[[0m[0mdebug[0m] [0m[0mjsonRpcNotify: JsonRpcNotificationMessage(2.0, build/taskProgress, {"taskId":{"id":"155","parents":[]},"eventTime":1657877543702,"message":"Compiling hangman-scala (80%)","total":26,"progress":80,"dataKind":"compile-progress","data":{"target":{"uri":"file:/C:/Users/msi/Documents/GitHub/Hangman-Scala/#hangman-scala/Compile"}}})[0m
[0m[[0m[0mdebug[0m] [0m[0mjsonRpcNotify: JsonRpcNotificationMessage(2.0, build/taskProgress, {"taskId":{"id":"155","parents":[]},"eventTime":1657877543707,"message":"Compiling hangman-scala (100%)","total":26,"progress":100,"dataKind":"compile-progress","data":{"target":{"uri":"file:/C:/Users/msi/Documents/GitHub/Hangman-Scala/#hangman-scala/Compile"}}})[0m
[0m[[0m[0mdebug[0m] [0m[0mjsonRpcNotify: JsonRpcNotificationMessage(2.0, build/taskProgress, {"taskId":{"id":"155","parents":[]},"eventTime":1657877543707,"message":"Compiling hangman-scala (100%)","total":26,"progress":100,"dataKind":"compile-progress","data":{"target":{"uri":"file:/C:/Users/msi/Documents/GitHub/Hangman-Scala/#hangman-scala/Compile"}}})[0m
[0m[[0m[0mdebug[0m] [0m[0mjsonRpcNotify: JsonRpcNotificationMessage(2.0, build/publishDiagnostics, {"textDocument":{"uri":"file:///C:/Users/msi/Documents/GitHub/Hangman-Scala/src/main/scala/ch/makery/hangman/MainApp.scala"},"buildTarget":{"uri":"file:/C:/Users/msi/Documents/GitHub/Hangman-Scala/#hangman-scala/Compile"},"diagnostics":[],"reset":true})[0m
[0m[[0m[0mdebug[0m] [0m[0mjsonRpcNotify: JsonRpcNotificationMessage(2.0, build/publishDiagnostics, {"textDocument":{"uri":"file:///C:/Users/msi/Documents/GitHub/Hangman-Scala/src/main/scala/ch/makery/hangman/view/HangmanWinController.scala"},"buildTarget":{"uri":"file:/C:/Users/msi/Documents/GitHub/Hangman-Scala/#hangman-scala/Compile"},"diagnostics":[],"reset":true})[0m
[0m[[0m[0mdebug[0m] [0m[0mjsonRpcNotify: JsonRpcNotificationMessage(2.0, build/publishDiagnostics, {"textDocument":{"uri":"file:///C:/Users/msi/Documents/GitHub/Hangman-Scala/src/main/scala/ch/makery/hangman/view/HangmanRuleController.scala"},"buildTarget":{"uri":"file:/C:/Users/msi/Documents/GitHub/Hangman-Scala/#hangman-scala/Compile"},"diagnostics":[],"reset":true})[0m
[0m[[0m[0mdebug[0m] [0m[0mjsonRpcNotify: JsonRpcNotificationMessage(2.0, build/publishDiagnostics, {"textDocument":{"uri":"file:///C:/Users/msi/Documents/GitHub/Hangman-Scala/src/main/scala/ch/makery/hangman/view/HangmanGameController.scala"},"buildTarget":{"uri":"file:/C:/Users/msi/Documents/GitHub/Hangman-Scala/#hangman-scala/Compile"},"diagnostics":[],"reset":true})[0m
[0m[[0m[0mdebug[0m] [0m[0mjsonRpcNotify: JsonRpcNotificationMessage(2.0, build/publishDiagnostics, {"textDocument":{"uri":"file:///C:/Users/msi/Documents/GitHub/Hangman-Scala/src/main/scala/ch/makery/hangman/view/HangmanGameOverController.scala"},"buildTarget":{"uri":"file:/C:/Users/msi/Documents/GitHub/Hangman-Scala/#hangman-scala/Compile"},"diagnostics":[],"reset":true})[0m
[0m[[0m[0mdebug[0m] [0m[0mjsonRpcNotify: JsonRpcNotificationMessage(2.0, build/publishDiagnostics, {"textDocument":{"uri":"file:///C:/Users/msi/Documents/GitHub/Hangman-Scala/src/main/scala/ch/makery/hangman/view/HomeScreenController.scala"},"buildTarget":{"uri":"file:/C:/Users/msi/Documents/GitHub/Hangman-Scala/#hangman-scala/Compile"},"diagnostics":[],"reset":true})[0m
[0m[[0m[0mdebug[0m] [0m[0mjsonRpcNotify: JsonRpcNotificationMessage(2.0, build/publishDiagnostics, {"textDocument":{"uri":"file:///C:/Users/msi/Documents/GitHub/Hangman-Scala/src/main/scala/ch/makery/hangman/model/Word.scala"},"buildTarget":{"uri":"file:/C:/Users/msi/Documents/GitHub/Hangman-Scala/#hangman-scala/Compile"},"diagnostics":[],"reset":true})[0m
[0m[[0m[0mdebug[0m] [0m[0mjsonRpcNotify: JsonRpcNotificationMessage(2.0, build/taskFinish, {"taskId":{"id":"155","parents":[]},"eventTime":1657877543710,"message":"Compiled hangman-scala","status":1,"dataKind":"compile-report","data":{"target":{"uri":"file:/C:/Users/msi/Documents/GitHub/Hangman-Scala/#hangman-scala/Compile"},"errors":0,"warnings":0,"time":159}})[0m
[0m[[0m[0mdebug[0m] [0m[0mjsonRpcNotify: JsonRpcNotificationMessage(2.0, build/taskStart, {"taskId":{"id":"156","parents":[]},"eventTime":1657877543720,"message":"Compiling hangman-scala-test","dataKind":"compile-task","data":{"target":{"uri":"file:/C:/Users/msi/Documents/GitHub/Hangman-Scala/#hangman-scala/Test"}}})[0m
[0m[[0m[0mdebug[0m] [0m[0mjsonRpcNotify: JsonRpcNotificationMessage(2.0, build/taskFinish, {"taskId":{"id":"156","parents":[]},"eventTime":1657877543723,"message":"Compiled hangman-scala-test","status":1,"dataKind":"compile-report","data":{"target":{"uri":"file:/C:/Users/msi/Documents/GitHub/Hangman-Scala/#hangman-scala/Test"},"errors":0,"warnings":0,"time":3}})[0m
[0m[[0m[32msuccess[0m] [0m[0mTotal time: 0 s, completed Jul 15, 2022 5:32:23 PM[0m
[0m[[0m[0mdebug[0m] [0m[0munmatched Done event for requestId None: None[0m
[0m[[0m[0mdebug[0m] [0m[0m> Exec(collectAnalyses, None, Some(CommandSource(network-1)))[0m
[0m[[0m[0mdebug[0m] [0m[0munmatched Processing event for requestId None: None[0m
[0m[[0m[0mdebug[0m] [0m[0mEvaluating tasks: Compile / collectAnalyses[0m
[0m[[0m[0mdebug[0m] [0m[0mRunning task... Cancel: Signal, check cycles: false, forcegc: true[0m
[0m[[0m[0mdebug[0m] [0m[0manalysis location (C:\Users\msi\Documents\GitHub\Hangman-Scala\target\scala-2.12\zinc\inc_compile_2.12.zip,true)[0m
[0m[[0m[32msuccess[0m] [0m[0mTotal time: 0 s, completed Jul 15, 2022 5:32:23 PM[0m
[0m[[0m[0mdebug[0m] [0m[0munmatched Done event for requestId None: None[0m
[0m[[0m[0mdebug[0m] [0m[0m> Exec(shell, None, None)[0m
