[0m[[0m[0mdebug[0m] [0m[0m> Exec(;Test/compile; collectAnalyses, None, Some(CommandSource(network-1)))[0m
[0m[[0m[0mdebug[0m] [0m[0munmatched Processing event for requestId None: None[0m
[0m[[0m[0mdebug[0m] [0m[0munmatched Done event for requestId None: None[0m
[0m[[0m[0mdebug[0m] [0m[0m> Exec(Test/compile, None, Some(CommandSource(network-1)))[0m
[0m[[0m[0mdebug[0m] [0m[0munmatched Processing event for requestId None: None[0m
[0m[[0m[0mdebug[0m] [0m[0mEvaluating tasks: Test / compile[0m
[0m[[0m[0mdebug[0m] [0m[0mRunning task... Cancel: Signal, check cycles: false, forcegc: true[0m
[0m[[0m[0mdebug[0m] [0m[0mjsonRpcNotify: JsonRpcNotificationMessage(2.0, build/taskStart, {"taskId":{"id":"41","parents":[]},"eventTime":1657875913595,"message":"Compiling hangman-scala","dataKind":"compile-task","data":{"target":{"uri":"file:/C:/Users/msi/Documents/GitHub/Hangman-Scala/#hangman-scala/Compile"}}})[0m
[0m[[0m[0mdebug[0m] [0m[0mjsonRpcNotify: JsonRpcNotificationMessage(2.0, build/publishDiagnostics, {"textDocument":{"uri":"file:///C:/Users/msi/Documents/GitHub/Hangman-Scala/src/main/scala/ch/makery/hangman/MainApp.scala"},"buildTarget":{"uri":"file:/C:/Users/msi/Documents/GitHub/Hangman-Scala/#hangman-scala/Compile"},"diagnostics":[],"reset":true})[0m
[0m[[0m[0mdebug[0m] [0m[0mjsonRpcNotify: JsonRpcNotificationMessage(2.0, build/publishDiagnostics, {"textDocument":{"uri":"file:///C:/Users/msi/Documents/GitHub/Hangman-Scala/src/main/scala/ch/makery/hangman/view/HangmanWinController.scala"},"buildTarget":{"uri":"file:/C:/Users/msi/Documents/GitHub/Hangman-Scala/#hangman-scala/Compile"},"diagnostics":[],"reset":true})[0m
[0m[[0m[0mdebug[0m] [0m[0mjsonRpcNotify: JsonRpcNotificationMessage(2.0, build/publishDiagnostics, {"textDocument":{"uri":"file:///C:/Users/msi/Documents/GitHub/Hangman-Scala/src/main/scala/ch/makery/hangman/view/HangmanRuleController.scala"},"buildTarget":{"uri":"file:/C:/Users/msi/Documents/GitHub/Hangman-Scala/#hangman-scala/Compile"},"diagnostics":[],"reset":true})[0m
[0m[[0m[0mdebug[0m] [0m[0mjsonRpcNotify: JsonRpcNotificationMessage(2.0, build/publishDiagnostics, {"textDocument":{"uri":"file:///C:/Users/msi/Documents/GitHub/Hangman-Scala/src/main/scala/ch/makery/hangman/view/HangmanGameController.scala"},"buildTarget":{"uri":"file:/C:/Users/msi/Documents/GitHub/Hangman-Scala/#hangman-scala/Compile"},"diagnostics":[],"reset":true})[0m
[0m[[0m[0mdebug[0m] [0m[0mjsonRpcNotify: JsonRpcNotificationMessage(2.0, build/publishDiagnostics, {"textDocument":{"uri":"file:///C:/Users/msi/Documents/GitHub/Hangman-Scala/src/main/scala/ch/makery/hangman/view/HangmanGameOverController.scala"},"buildTarget":{"uri":"file:/C:/Users/msi/Documents/GitHub/Hangman-Scala/#hangman-scala/Compile"},"diagnostics":[],"reset":true})[0m
[0m[[0m[0mdebug[0m] [0m[0mjsonRpcNotify: JsonRpcNotificationMessage(2.0, build/publishDiagnostics, {"textDocument":{"uri":"file:///C:/Users/msi/Documents/GitHub/Hangman-Scala/src/main/scala/ch/makery/hangman/view/HomeScreenController.scala"},"buildTarget":{"uri":"file:/C:/Users/msi/Documents/GitHub/Hangman-Scala/#hangman-scala/Compile"},"diagnostics":[],"reset":true})[0m
[0m[[0m[0mdebug[0m] [0m[0mjsonRpcNotify: JsonRpcNotificationMessage(2.0, build/publishDiagnostics, {"textDocument":{"uri":"file:///C:/Users/msi/Documents/GitHub/Hangman-Scala/src/main/scala/ch/makery/hangman/model/Word.scala"},"buildTarget":{"uri":"file:/C:/Users/msi/Documents/GitHub/Hangman-Scala/#hangman-scala/Compile"},"diagnostics":[],"reset":true})[0m
[0m[[0m[0mdebug[0m] [0m[0mjsonRpcNotify: JsonRpcNotificationMessage(2.0, build/taskFinish, {"taskId":{"id":"41","parents":[]},"eventTime":1657875913607,"message":"Compiled hangman-scala","status":1,"dataKind":"compile-report","data":{"target":{"uri":"file:/C:/Users/msi/Documents/GitHub/Hangman-Scala/#hangman-scala/Compile"},"errors":0,"warnings":0,"time":12}})[0m
[0m[[0m[0mdebug[0m] [0m[0mjsonRpcNotify: JsonRpcNotificationMessage(2.0, build/taskStart, {"taskId":{"id":"42","parents":[]},"eventTime":1657875913611,"message":"Compiling hangman-scala-test","dataKind":"compile-task","data":{"target":{"uri":"file:/C:/Users/msi/Documents/GitHub/Hangman-Scala/#hangman-scala/Test"}}})[0m
[0m[[0m[0mdebug[0m] [0m[0mjsonRpcNotify: JsonRpcNotificationMessage(2.0, build/taskFinish, {"taskId":{"id":"42","parents":[]},"eventTime":1657875913617,"message":"Compiled hangman-scala-test","status":1,"dataKind":"compile-report","data":{"target":{"uri":"file:/C:/Users/msi/Documents/GitHub/Hangman-Scala/#hangman-scala/Test"},"errors":0,"warnings":0,"time":6}})[0m
[0m[[0m[32msuccess[0m] [0m[0mTotal time: 0 s, completed Jul 15, 2022 5:05:13 PM[0m
[0m[[0m[0mdebug[0m] [0m[0munmatched Done event for requestId None: None[0m
[0m[[0m[0mdebug[0m] [0m[0m> Exec(collectAnalyses, None, Some(CommandSource(network-1)))[0m
[0m[[0m[0mdebug[0m] [0m[0munmatched Processing event for requestId None: None[0m
[0m[[0m[0mdebug[0m] [0m[0mEvaluating tasks: Compile / collectAnalyses[0m
[0m[[0m[0mdebug[0m] [0m[0mRunning task... Cancel: Signal, check cycles: false, forcegc: true[0m
[0m[[0m[0mdebug[0m] [0m[0manalysis location (C:\Users\msi\Documents\GitHub\Hangman-Scala\target\scala-2.12\zinc\inc_compile_2.12.zip,true)[0m
[0m[[0m[32msuccess[0m] [0m[0mTotal time: 0 s, completed Jul 15, 2022 5:05:13 PM[0m
[0m[[0m[0mdebug[0m] [0m[0munmatched Done event for requestId None: None[0m
[0m[[0m[0mdebug[0m] [0m[0m> Exec(shell, None, None)[0m
[0m[[0m[0mdebug[0m] [0m[0msymbol click[0m
[0m[[0m[0mdebug[0m] [0m[0mlsp-definition potentials: Set()[0m
[0m[[0m[0mdebug[0m] [0m[0mlsp-definition locations Vector()[0m
[0m[[0m[0mdebug[0m] [0m[0mUnhandled notification received: textDocument/didOpen: JsonRpcNotificationMessage(2.0, textDocument/didOpen, {"textDocument":{"uri":"file:///c%3A/Users/msi/Documents/GitHub/Hangman-Scala/src/main/scala/ch/makery/hangman/view/HangmanWinController.scala","languageId":"scala","version":1,"text":"package ch.makery.hangman.view\r\n\r\nimport ch.makery.hangman.MainApp\r\nimport scalafxml.core.macros.sfxml\r\nimport scalafx.Includes._\r\nimport scalafx.event.ActionEvent\r\nimport scalafx.scene.control.Alert.AlertType\r\nimport scala.util.{Failure, Success}\r\nimport scalafx.scene.image.{Image, ImageView}\r\nimport scalafx.scene.control.{Button}\r\nimport scalafx.scene.text.Text\r\nimport scalafx.stage.Stage\r\n\r\n@sfxml\r\nclass HangmanWinController(\r\n    wingameBG: ImageView,\r\n    nextButton: Button,\r\n    scoreText: Text\r\n) {\r\n\r\n    var scoreDisplay = scoreText\r\n    var dialogStage: Stage = null\r\n\r\n    wingameBG.image = new Image(\"file:resources/images/Win.jpg\")\r\n\r\n    def goNext(action : ActionEvent): Unit = { \r\n        MainApp.showGame()\r\n        dialogStage.close()\r\n    }\r\n}"}})[0m
