[0m[[0m[0mdebug[0m] [0m[0m> Exec(;Test/compile; collectAnalyses, None, Some(CommandSource(network-1)))[0m
[0m[[0m[0mdebug[0m] [0m[0munmatched Processing event for requestId None: None[0m
[0m[[0m[0mdebug[0m] [0m[0munmatched Done event for requestId None: None[0m
[0m[[0m[0mdebug[0m] [0m[0m> Exec(Test/compile, None, Some(CommandSource(network-1)))[0m
[0m[[0m[0mdebug[0m] [0m[0munmatched Processing event for requestId None: None[0m
[0m[[0m[0mdebug[0m] [0m[0mEvaluating tasks: Test / compile[0m
[0m[[0m[0mdebug[0m] [0m[0mRunning task... Cancel: Signal, check cycles: false, forcegc: true[0m
[0m[[0m[0mdebug[0m] [0m[0mjsonRpcNotify: JsonRpcNotificationMessage(2.0, build/taskStart, {"taskId":{"id":"45","parents":[]},"eventTime":1657651764015,"message":"Compiling hangman","dataKind":"compile-task","data":{"target":{"uri":"file:/C:/Users/msi/Desktop/Hangman/#hangman/Compile"}}})[0m
[0m[[0m[0mdebug[0m] [0m[0mjsonRpcNotify: JsonRpcNotificationMessage(2.0, build/publishDiagnostics, {"textDocument":{"uri":"file:///C:/Users/msi/Desktop/Hangman/src/main/scala/ch/makery/hangman/MainApp.scala"},"buildTarget":{"uri":"file:/C:/Users/msi/Desktop/Hangman/#hangman/Compile"},"diagnostics":[],"reset":true})[0m
[0m[[0m[0mdebug[0m] [0m[0mjsonRpcNotify: JsonRpcNotificationMessage(2.0, build/publishDiagnostics, {"textDocument":{"uri":"file:///C:/Users/msi/Desktop/Hangman/src/main/scala/ch/makery/hangman/view/HangmanGameController.scala"},"buildTarget":{"uri":"file:/C:/Users/msi/Desktop/Hangman/#hangman/Compile"},"diagnostics":[],"reset":true})[0m
[0m[[0m[0mdebug[0m] [0m[0mjsonRpcNotify: JsonRpcNotificationMessage(2.0, build/publishDiagnostics, {"textDocument":{"uri":"file:///C:/Users/msi/Desktop/Hangman/src/main/scala/ch/makery/hangman/view/HomeScreenController.scala"},"buildTarget":{"uri":"file:/C:/Users/msi/Desktop/Hangman/#hangman/Compile"},"diagnostics":[],"reset":true})[0m
[0m[[0m[0mdebug[0m] [0m[0mjsonRpcNotify: JsonRpcNotificationMessage(2.0, build/taskFinish, {"taskId":{"id":"45","parents":[]},"eventTime":1657651764023,"message":"Compiled hangman","status":1,"dataKind":"compile-report","data":{"target":{"uri":"file:/C:/Users/msi/Desktop/Hangman/#hangman/Compile"},"errors":0,"warnings":0,"time":8}})[0m
[0m[[0m[0mdebug[0m] [0m[0mjsonRpcNotify: JsonRpcNotificationMessage(2.0, build/taskStart, {"taskId":{"id":"46","parents":[]},"eventTime":1657651764029,"message":"Compiling hangman-test","dataKind":"compile-task","data":{"target":{"uri":"file:/C:/Users/msi/Desktop/Hangman/#hangman/Test"}}})[0m
[0m[[0m[0mdebug[0m] [0m[0mjsonRpcNotify: JsonRpcNotificationMessage(2.0, build/taskFinish, {"taskId":{"id":"46","parents":[]},"eventTime":1657651764035,"message":"Compiled hangman-test","status":1,"dataKind":"compile-report","data":{"target":{"uri":"file:/C:/Users/msi/Desktop/Hangman/#hangman/Test"},"errors":0,"warnings":0,"time":6}})[0m
[0m[[0m[32msuccess[0m] [0m[0mTotal time: 0 s, completed Jul 13, 2022 2:49:24 AM[0m
[0m[[0m[0mdebug[0m] [0m[0munmatched Done event for requestId None: None[0m
[0m[[0m[0mdebug[0m] [0m[0m> Exec(collectAnalyses, None, Some(CommandSource(network-1)))[0m
[0m[[0m[0mdebug[0m] [0m[0munmatched Processing event for requestId None: None[0m
[0m[[0m[0mdebug[0m] [0m[0mEvaluating tasks: Compile / collectAnalyses[0m
[0m[[0m[0mdebug[0m] [0m[0mRunning task... Cancel: Signal, check cycles: false, forcegc: true[0m
[0m[[0m[0mdebug[0m] [0m[0manalysis location (C:\Users\msi\Desktop\Hangman\target\scala-2.12\zinc\inc_compile_2.12.zip,true)[0m
[0m[[0m[32msuccess[0m] [0m[0mTotal time: 0 s, completed Jul 13, 2022 2:49:24 AM[0m
[0m[[0m[0mdebug[0m] [0m[0munmatched Done event for requestId None: None[0m
[0m[[0m[0mdebug[0m] [0m[0m> Exec(shell, None, None)[0m
[0m[[0m[0mdebug[0m] [0m[0mUnhandled notification received: textDocument/didOpen: JsonRpcNotificationMessage(2.0, textDocument/didOpen, {"textDocument":{"uri":"file:///c%3A/Users/msi/Desktop/Hangman/src/main/scala/ch/makery/hangman/MainApp.scala","languageId":"scala","version":1,"text":"package ch.makery.hangman\r\n\r\nimport scalafx.Includes._\r\nimport scalafx.application.JFXApp\r\nimport scalafx.application.JFXApp.PrimaryStage\r\nimport javafx.{scene => jfxs}\r\nimport scalafxml.core.{NoDependencyResolver, FXMLView, FXMLLoader}\r\nimport scalafx.scene.Scene\r\nimport scalafx.stage.{ Stage, Modality }\r\nimport scalafx.scene.image._\r\n\r\nobject MainApp extends JFXApp{\r\n\r\n    val rootResource = getClass.getResource(\"view/RootLayout.fxml\")\r\n    val loader = new FXMLLoader(rootResource, NoDependencyResolver)\r\n    loader.load();\r\n\r\n    val roots = loader.getRoot[jfxs.layout.BorderPane]\r\n\r\n    stage = new PrimaryStage{\r\n        title = \"Hangman\"\r\n        icons += new Image(\"file:resources/images/hangman.png\")\r\n        scene = new Scene{\r\n            root = roots\r\n        }\r\n    }\r\n\r\n    // Disable stage resize \r\n    MainApp.stage.setResizable(false)\r\n\r\n    def showHomeScreen() = {\r\n        val resource = getClass.getResource(\"view/HomeScreen.fxml\")\r\n        val loader = new FXMLLoader(resource, NoDependencyResolver)\r\n        loader.load()\r\n        val roots = loader.getRoot[jfxs.layout.AnchorPane]\r\n        this.roots.setCenter(roots)\r\n    }\r\n\r\n    def showGame(): Unit = {\r\n        val resource = getClass.getResource(\"view/HangmanGame.fxml\")\r\n        val loader = new FXMLLoader(resource, NoDependencyResolver)\r\n        loader.load();\r\n        val roots = loader.getRoot[jfxs.layout.AnchorPane]\r\n        this.roots.setCenter(roots)\r\n    }\r\n    \r\n    showHomeScreen()\r\n}"}})[0m
[0m[[0m[0mdebug[0m] [0m[0mUnhandled request received: shutdown: JsonRpcRequestMessage(2.0, ♨12, shutdown, null})[0m
