[0m[[0m[0mdebug[0m] [0m[0m> Exec(;Test/compile; collectAnalyses, None, Some(CommandSource(network-1)))[0m
[0m[[0m[0mdebug[0m] [0m[0munmatched Processing event for requestId None: None[0m
[0m[[0m[0mdebug[0m] [0m[0munmatched Done event for requestId None: None[0m
[0m[[0m[0mdebug[0m] [0m[0m> Exec(Test/compile, None, Some(CommandSource(network-1)))[0m
[0m[[0m[0mdebug[0m] [0m[0munmatched Processing event for requestId None: None[0m
[0m[[0m[0mdebug[0m] [0m[0mEvaluating tasks: Test / compile[0m
[0m[[0m[0mdebug[0m] [0m[0mRunning task... Cancel: Signal, check cycles: false, forcegc: true[0m
[0m[[0m[0mdebug[0m] [0m[0mjsonRpcNotify: JsonRpcNotificationMessage(2.0, build/taskStart, {"taskId":{"id":"108","parents":[]},"eventTime":1657309757969,"message":"Compiling hangman","dataKind":"compile-task","data":{"target":{"uri":"file:/C:/Users/msi/Desktop/Hangman/#hangman/Compile"}}})[0m
[0m[[0m[0mdebug[0m] [0m[0mjsonRpcNotify: JsonRpcNotificationMessage(2.0, build/publishDiagnostics, {"textDocument":{"uri":"file:///C:/Users/msi/Desktop/Hangman/src/main/scala/ch/makery/hangman/MainApp.scala"},"buildTarget":{"uri":"file:/C:/Users/msi/Desktop/Hangman/#hangman/Compile"},"diagnostics":[],"reset":true})[0m
[0m[[0m[0mdebug[0m] [0m[0mjsonRpcNotify: JsonRpcNotificationMessage(2.0, build/publishDiagnostics, {"textDocument":{"uri":"file:///C:/Users/msi/Desktop/Hangman/src/main/scala/ch/makery/hangman/view/HomeScreenController.scala"},"buildTarget":{"uri":"file:/C:/Users/msi/Desktop/Hangman/#hangman/Compile"},"diagnostics":[],"reset":true})[0m
[0m[[0m[0mdebug[0m] [0m[0mjsonRpcNotify: JsonRpcNotificationMessage(2.0, build/taskFinish, {"taskId":{"id":"108","parents":[]},"eventTime":1657309757982,"message":"Compiled hangman","status":1,"dataKind":"compile-report","data":{"target":{"uri":"file:/C:/Users/msi/Desktop/Hangman/#hangman/Compile"},"errors":0,"warnings":0,"time":13}})[0m
[0m[[0m[0mdebug[0m] [0m[0mjsonRpcNotify: JsonRpcNotificationMessage(2.0, build/taskStart, {"taskId":{"id":"109","parents":[]},"eventTime":1657309757988,"message":"Compiling hangman-test","dataKind":"compile-task","data":{"target":{"uri":"file:/C:/Users/msi/Desktop/Hangman/#hangman/Test"}}})[0m
[0m[[0m[0mdebug[0m] [0m[0mjsonRpcNotify: JsonRpcNotificationMessage(2.0, build/taskFinish, {"taskId":{"id":"109","parents":[]},"eventTime":1657309757997,"message":"Compiled hangman-test","status":1,"dataKind":"compile-report","data":{"target":{"uri":"file:/C:/Users/msi/Desktop/Hangman/#hangman/Test"},"errors":0,"warnings":0,"time":9}})[0m
[0m[[0m[0mdebug[0m] [0m[0mlsp-definition json request: {"textDocument":{"uri":"file:///c%3A/Users/msi/Desktop/Hangman/src/main/scala/ch/makery/hangman/view/HomeScreenController.scala"},"position":{"line":18,"character":38}}[0m
[0m[[0m[0mdebug[0m] [0m[0mlsp-definition found line:     def endGame(action: ActionEvent): Unit = {[0m
[0m[[0m[32msuccess[0m] [0m[0mTotal time: 0 s, completed Jul 9, 2022 3:49:18 AM[0m
[0m[[0m[0mdebug[0m] [0m[0munmatched Done event for requestId None: None[0m
[0m[[0m[0mdebug[0m] [0m[0m> Exec(collectAnalyses, None, Some(CommandSource(network-1)))[0m
[0m[[0m[0mdebug[0m] [0m[0munmatched Processing event for requestId None: None[0m
[0m[[0m[0mdebug[0m] [0m[0mEvaluating tasks: Compile / collectAnalyses[0m
[0m[[0m[0mdebug[0m] [0m[0mRunning task... Cancel: Signal, check cycles: false, forcegc: true[0m
[0m[[0m[0mdebug[0m] [0m[0manalysis location (C:\Users\msi\Desktop\Hangman\target\scala-2.12\zinc\inc_compile_2.12.zip,true)[0m
[0m[[0m[32msuccess[0m] [0m[0mTotal time: 0 s, completed Jul 9, 2022 3:49:18 AM[0m
[0m[[0m[0mdebug[0m] [0m[0munmatched Done event for requestId None: None[0m
[0m[[0m[0mdebug[0m] [0m[0m> Exec(shell, None, None)[0m
[0m[[0m[0mdebug[0m] [0m[0mUnhandled request received: shutdown: JsonRpcRequestMessage(2.0, ♨5, shutdown, null})[0m
[0m[[0m[0mdebug[0m] [0m[0msymbol Unit[0m
[0m[[0m[0mdebug[0m] [0m[0mlsp-definition potentials: Set()[0m
[0m[[0m[0mdebug[0m] [0m[0mlsp-definition locations Vector()[0m
