[0m[[0m[0mdebug[0m] [0m[0m> Exec(;Test/compile; collectAnalyses, None, Some(CommandSource(network-1)))[0m
[0m[[0m[0mdebug[0m] [0m[0munmatched Processing event for requestId None: None[0m
[0m[[0m[0mdebug[0m] [0m[0munmatched Done event for requestId None: None[0m
[0m[[0m[0mdebug[0m] [0m[0m> Exec(Test/compile, None, Some(CommandSource(network-1)))[0m
[0m[[0m[0mdebug[0m] [0m[0munmatched Processing event for requestId None: None[0m
[0m[[0m[0mdebug[0m] [0m[0mEvaluating tasks: Test / compile[0m
[0m[[0m[0mdebug[0m] [0m[0mRunning task... Cancel: Signal, check cycles: false, forcegc: true[0m
[0m[[0m[0mdebug[0m] [0m[0mjsonRpcNotify: JsonRpcNotificationMessage(2.0, build/taskStart, {"taskId":{"id":"7","parents":[]},"eventTime":1657867962577,"message":"Compiling hangman","dataKind":"compile-task","data":{"target":{"uri":"file:/C:/Users/msi/Desktop/Hangman/#hangman/Compile"}}})[0m
[0m[[0m[0minfo[0m] [0m[0mcompiling 1 Scala source to C:\Users\msi\Desktop\Hangman\target\scala-2.12\classes ...[0m
[0m[[0m[0mdebug[0m] [0m[0mjsonRpcNotify: JsonRpcNotificationMessage(2.0, build/logMessage, {"type":3,"message":"compiling 1 Scala source to C:\\Users\\msi\\Desktop\\Hangman\\target\\scala-2.12\\classes ..."})[0m
[0m[[0m[0mdebug[0m] [0m[0mjsonRpcNotify: JsonRpcNotificationMessage(2.0, build/taskProgress, {"taskId":{"id":"7","parents":[]},"eventTime":1657867963116,"message":"Compiling hangman (15%)","total":26,"progress":15,"dataKind":"compile-progress","data":{"target":{"uri":"file:/C:/Users/msi/Desktop/Hangman/#hangman/Compile"}}})[0m
[0m[[0m[0mdebug[0m] [0m[0mjsonRpcNotify: JsonRpcNotificationMessage(2.0, build/taskProgress, {"taskId":{"id":"7","parents":[]},"eventTime":1657867963117,"message":"Compiling hangman (15%)","total":26,"progress":15,"dataKind":"compile-progress","data":{"target":{"uri":"file:/C:/Users/msi/Desktop/Hangman/#hangman/Compile"}}})[0m
[0m[[0m[0mdebug[0m] [0m[0mjsonRpcNotify: JsonRpcNotificationMessage(2.0, build/taskProgress, {"taskId":{"id":"7","parents":[]},"eventTime":1657867963122,"message":"Compiling hangman (30%)","total":26,"progress":30,"dataKind":"compile-progress","data":{"target":{"uri":"file:/C:/Users/msi/Desktop/Hangman/#hangman/Compile"}}})[0m
[0m[[0m[0mdebug[0m] [0m[0mjsonRpcNotify: JsonRpcNotificationMessage(2.0, build/taskProgress, {"taskId":{"id":"7","parents":[]},"eventTime":1657867963122,"message":"Compiling hangman (30%)","total":26,"progress":30,"dataKind":"compile-progress","data":{"target":{"uri":"file:/C:/Users/msi/Desktop/Hangman/#hangman/Compile"}}})[0m
[0m[[0m[0mdebug[0m] [0m[0mjsonRpcNotify: JsonRpcNotificationMessage(2.0, build/taskProgress, {"taskId":{"id":"7","parents":[]},"eventTime":1657867963177,"message":"Compiling hangman (50%)","total":26,"progress":50,"dataKind":"compile-progress","data":{"target":{"uri":"file:/C:/Users/msi/Desktop/Hangman/#hangman/Compile"}}})[0m
[0m[[0m[0mdebug[0m] [0m[0mjsonRpcNotify: JsonRpcNotificationMessage(2.0, build/taskProgress, {"taskId":{"id":"7","parents":[]},"eventTime":1657867963177,"message":"Compiling hangman (50%)","total":26,"progress":50,"dataKind":"compile-progress","data":{"target":{"uri":"file:/C:/Users/msi/Desktop/Hangman/#hangman/Compile"}}})[0m
[0m[[0m[0mdebug[0m] [0m[0mjsonRpcNotify: JsonRpcNotificationMessage(2.0, build/taskProgress, {"taskId":{"id":"7","parents":[]},"eventTime":1657867963292,"message":"Compiling hangman (65%)","total":26,"progress":65,"dataKind":"compile-progress","data":{"target":{"uri":"file:/C:/Users/msi/Desktop/Hangman/#hangman/Compile"}}})[0m
[0m[[0m[0mdebug[0m] [0m[0mjsonRpcNotify: JsonRpcNotificationMessage(2.0, build/taskProgress, {"taskId":{"id":"7","parents":[]},"eventTime":1657867963293,"message":"Compiling hangman (65%)","total":26,"progress":65,"dataKind":"compile-progress","data":{"target":{"uri":"file:/C:/Users/msi/Desktop/Hangman/#hangman/Compile"}}})[0m
[0m[[0m[0mdebug[0m] [0m[0mjsonRpcNotify: JsonRpcNotificationMessage(2.0, build/taskProgress, {"taskId":{"id":"7","parents":[]},"eventTime":1657867963317,"message":"Compiling hangman (80%)","total":26,"progress":80,"dataKind":"compile-progress","data":{"target":{"uri":"file:/C:/Users/msi/Desktop/Hangman/#hangman/Compile"}}})[0m
[0m[[0m[0mdebug[0m] [0m[0mjsonRpcNotify: JsonRpcNotificationMessage(2.0, build/taskProgress, {"taskId":{"id":"7","parents":[]},"eventTime":1657867963318,"message":"Compiling hangman (80%)","total":26,"progress":80,"dataKind":"compile-progress","data":{"target":{"uri":"file:/C:/Users/msi/Desktop/Hangman/#hangman/Compile"}}})[0m
[0m[[0m[0mdebug[0m] [0m[0mjsonRpcNotify: JsonRpcNotificationMessage(2.0, build/taskProgress, {"taskId":{"id":"7","parents":[]},"eventTime":1657867963394,"message":"Compiling hangman (100%)","total":26,"progress":100,"dataKind":"compile-progress","data":{"target":{"uri":"file:/C:/Users/msi/Desktop/Hangman/#hangman/Compile"}}})[0m
[0m[[0m[0mdebug[0m] [0m[0mjsonRpcNotify: JsonRpcNotificationMessage(2.0, build/taskProgress, {"taskId":{"id":"7","parents":[]},"eventTime":1657867963394,"message":"Compiling hangman (100%)","total":26,"progress":100,"dataKind":"compile-progress","data":{"target":{"uri":"file:/C:/Users/msi/Desktop/Hangman/#hangman/Compile"}}})[0m
[0m[[0m[33mwarn[0m] [0m[0mthere was one deprecation warning (since 16.0.0-R23)[0m
[0m[[0m[0mdebug[0m] [0m[0mjsonRpcNotify: JsonRpcNotificationMessage(2.0, build/logMessage, {"type":2,"message":"there was one deprecation warning (since 16.0.0-R23)"})[0m
[0m[[0m[33mwarn[0m] [0m[0mthere were four deprecation warnings (since 8.0.60-R10)[0m
[0m[[0m[0mdebug[0m] [0m[0mjsonRpcNotify: JsonRpcNotificationMessage(2.0, build/logMessage, {"type":2,"message":"there were four deprecation warnings (since 8.0.60-R10)"})[0m
[0m[[0m[33mwarn[0m] [0m[0mthere were 5 deprecation warnings in total; re-run with -deprecation for details[0m
[0m[[0m[0mdebug[0m] [0m[0mjsonRpcNotify: JsonRpcNotificationMessage(2.0, build/logMessage, {"type":2,"message":"there were 5 deprecation warnings in total; re-run with -deprecation for details"})[0m
[0m[[0m[33mwarn[0m] [0m[0mthree warnings found[0m
[0m[[0m[0mdebug[0m] [0m[0mjsonRpcNotify: JsonRpcNotificationMessage(2.0, build/logMessage, {"type":2,"message":"three warnings found"})[0m
[0m[[0m[0mdebug[0m] [0m[0mjsonRpcNotify: JsonRpcNotificationMessage(2.0, build/publishDiagnostics, {"textDocument":{"uri":"file:///C:/Users/msi/Desktop/Hangman/src/main/scala/ch/makery/hangman/MainApp.scala"},"buildTarget":{"uri":"file:/C:/Users/msi/Desktop/Hangman/#hangman/Compile"},"diagnostics":[],"reset":true})[0m
[0m[[0m[0mdebug[0m] [0m[0mjsonRpcNotify: JsonRpcNotificationMessage(2.0, build/publishDiagnostics, {"textDocument":{"uri":"file:///C:/Users/msi/Desktop/Hangman/src/main/scala/ch/makery/hangman/view/HangmanWinController.scala"},"buildTarget":{"uri":"file:/C:/Users/msi/Desktop/Hangman/#hangman/Compile"},"diagnostics":[],"reset":true})[0m
[0m[[0m[0mdebug[0m] [0m[0mjsonRpcNotify: JsonRpcNotificationMessage(2.0, build/publishDiagnostics, {"textDocument":{"uri":"file:///C:/Users/msi/Desktop/Hangman/src/main/scala/ch/makery/hangman/view/HangmanRuleController.scala"},"buildTarget":{"uri":"file:/C:/Users/msi/Desktop/Hangman/#hangman/Compile"},"diagnostics":[],"reset":true})[0m
[0m[[0m[0mdebug[0m] [0m[0mjsonRpcNotify: JsonRpcNotificationMessage(2.0, build/publishDiagnostics, {"textDocument":{"uri":"file:///C:/Users/msi/Desktop/Hangman/src/main/scala/ch/makery/hangman/view/HangmanGameController.scala"},"buildTarget":{"uri":"file:/C:/Users/msi/Desktop/Hangman/#hangman/Compile"},"diagnostics":[],"reset":true})[0m
[0m[[0m[0mdebug[0m] [0m[0mjsonRpcNotify: JsonRpcNotificationMessage(2.0, build/publishDiagnostics, {"textDocument":{"uri":"file:///C:/Users/msi/Desktop/Hangman/src/main/scala/ch/makery/hangman/view/HangmanGameOverController.scala"},"buildTarget":{"uri":"file:/C:/Users/msi/Desktop/Hangman/#hangman/Compile"},"diagnostics":[],"reset":true})[0m
[0m[[0m[0mdebug[0m] [0m[0mjsonRpcNotify: JsonRpcNotificationMessage(2.0, build/publishDiagnostics, {"textDocument":{"uri":"file:///C:/Users/msi/Desktop/Hangman/src/main/scala/ch/makery/hangman/view/HomeScreenController.scala"},"buildTarget":{"uri":"file:/C:/Users/msi/Desktop/Hangman/#hangman/Compile"},"diagnostics":[],"reset":true})[0m
[0m[[0m[0mdebug[0m] [0m[0mjsonRpcNotify: JsonRpcNotificationMessage(2.0, build/publishDiagnostics, {"textDocument":{"uri":"file:///C:/Users/msi/Desktop/Hangman/src/main/scala/ch/makery/hangman/model/Word.scala"},"buildTarget":{"uri":"file:/C:/Users/msi/Desktop/Hangman/#hangman/Compile"},"diagnostics":[],"reset":true})[0m
[0m[[0m[0mdebug[0m] [0m[0mjsonRpcNotify: JsonRpcNotificationMessage(2.0, build/taskFinish, {"taskId":{"id":"7","parents":[]},"eventTime":1657867963413,"message":"Compiled hangman","status":1,"dataKind":"compile-report","data":{"target":{"uri":"file:/C:/Users/msi/Desktop/Hangman/#hangman/Compile"},"errors":0,"warnings":0,"time":836}})[0m
[0m[[0m[0mdebug[0m] [0m[0mjsonRpcNotify: JsonRpcNotificationMessage(2.0, build/taskStart, {"taskId":{"id":"8","parents":[]},"eventTime":1657867963438,"message":"Compiling hangman-test","dataKind":"compile-task","data":{"target":{"uri":"file:/C:/Users/msi/Desktop/Hangman/#hangman/Test"}}})[0m
[0m[[0m[0mdebug[0m] [0m[0mjsonRpcNotify: JsonRpcNotificationMessage(2.0, build/taskFinish, {"taskId":{"id":"8","parents":[]},"eventTime":1657867963449,"message":"Compiled hangman-test","status":1,"dataKind":"compile-report","data":{"target":{"uri":"file:/C:/Users/msi/Desktop/Hangman/#hangman/Test"},"errors":0,"warnings":0,"time":11}})[0m
[0m[[0m[32msuccess[0m] [0m[0mTotal time: 1 s, completed Jul 15, 2022 2:52:43 PM[0m
[0m[[0m[0mdebug[0m] [0m[0munmatched Done event for requestId None: None[0m
[0m[[0m[0mdebug[0m] [0m[0m> Exec(collectAnalyses, None, Some(CommandSource(network-1)))[0m
[0m[[0m[0mdebug[0m] [0m[0munmatched Processing event for requestId None: None[0m
[0m[[0m[0mdebug[0m] [0m[0mEvaluating tasks: Compile / collectAnalyses[0m
[0m[[0m[0mdebug[0m] [0m[0mRunning task... Cancel: Signal, check cycles: false, forcegc: true[0m
[0m[[0m[0mdebug[0m] [0m[0manalysis location (C:\Users\msi\Desktop\Hangman\target\scala-2.12\zinc\inc_compile_2.12.zip,true)[0m
[0m[[0m[32msuccess[0m] [0m[0mTotal time: 0 s, completed Jul 15, 2022 2:52:43 PM[0m
[0m[[0m[0mdebug[0m] [0m[0munmatched Done event for requestId None: None[0m
[0m[[0m[0mdebug[0m] [0m[0m> Exec(shell, None, None)[0m
[0m[[0m[0mdebug[0m] [0m[0mUnhandled request received: shutdown: JsonRpcRequestMessage(2.0, ♨3, shutdown, null})[0m
